===== PageFinder Sync Job Started at Wed Mar 26 19:00:00 PDT 2025 =====
Using config file: /Users/koi/.config/pf-config/rclone.conf
Encoding: UTF-8

[2025-03-26 19:00:00] Syncing g1 to PageFinder...
Transferred:   	          0 B / 0 B, -, 0 B/s, ETA -
Checks:                 1 / 1, 100%
Elapsed time:         0.5sTransferred:   	          0 B / 0 B, -, 0 B/s, ETA -
Checks:                 3 / 3, 100%
Elapsed time:         0.9sTransferred:   	          0 B / 0 B, -, 0 B/s, ETA -
Checks:                 7 / 43, 16%
Elapsed time:         1.4s
Checking:
 * ForDemo/sample_miura/オ…ィステック/営業部/取扱商品リスト.xl
 * ForDemo/Kitagawa/00b3c…_e6774d12_55db017f.jpg: checkingTransferred:   	          0 B / 0 B, -, 0 B/s, ETA -
Checks:                37 / 563, 7%
Elapsed time:         2.0s
Checking:
 * ForDemo/Kitagawa/41+t2…h+L._AC._SR180,230.jpg: checking
 * ForDemo/Kitagawa/410CF…06L._AC._SR180,230.jpg: checking
 * ForDemo/Kitagawa/41FeK…IFL._AC._SR180,230.jpg: checking
 * ForDemo/Kitagawa/41IcJ…hgL._AC._SR180,230.jpg: checking
 * ForDemo/Kitagawa/41PRt…FKL._AC._SR180,230.jpg: checkingTransferred:   	          0 B / 0 B, -, 0 B/s, ETA -
Checks:                84 / 563, 15%
Elapsed time:         2.5s
Checking:
 * ForDemo/Kitagawa/51iy2…XQL._AC._SR180,230.jpg: checking
 * ForDemo/Kitagawa/51j4P…1mS._AC._SR180,230.jpg: checking
 * ForDemo/Kitagawa/51mk4…c3L._AC._SR180,230.jpg: checking
 * ForDemo/Kitagawa/51n28…OFL._AC._SR180,230.jpg: checking
 * ForDemo/Kitagawa/51nv8…oGL._AC._SR180,230.jpg: checking
 * ForDemo/Kitagawa/51pMu…IPL._AC._SR180,230.jpg: checking
 * ForDemo/Kitagawa/51pmY…MwL._AC._SR180,230.jpg: checking
 * ForDemo/Kitagawa/51r5-…XyL._AC._SR180,230.jpg: checkingTransferred:   	          0 B / 0 B, -, 0 B/s, ETA -
Checks:               132 / 563, 23%
Elapsed time:         3.0s
Checking:
 * ForDemo/Kitagawa/71+OG…xL._AC_UL960_QL65_.jpg: checking
 * ForDemo/Kitagawa/71-Qa…1L._AC_SX360_QL70_.jpg: checking
 * ForDemo/Kitagawa/711sY…QsL._AC._SR360,460.jpg: checking
 * ForDemo/Kitagawa/712gb…xkL._AC._SR360,460.jpg: checking
 * ForDemo/Kitagawa/712x9…3L._AC_UL960_QL65_.jpg: checking
 * ForDemo/Kitagawa/7137E…X9L._AC._SR360,460.jpg: checking
 * ForDemo/Kitagawa/713U4…FGS._AC._SR360,460.jpg: checking
 * ForDemo/Kitagawa/716+T…9wL._AC._SR360,460.jpg: checkingTransferred:   	          0 B / 0 B, -, 0 B/s, ETA -
Checks:               180 / 563, 32%
Elapsed time:         3.4s
Checking:
 * ForDemo/Kitagawa/81G6E…VQL._AC._SR360,460.jpg: checking
 * ForDemo/Kitagawa/81IJ2…3L._AC_UL800_QL65_.jpg: checking
 * ForDemo/Kitagawa/81Ir0…vPL._AC._SR360,460.jpg: checking
 * ForDemo/Kitagawa/81JQj…ZL._AC_UL800_QL65_.jpg: checking
 *  ForDemo/Kitagawa/81KA0eDtXSL._AC_UY218_.jpeg: checking
 *  ForDemo/Kitagawa/81Kt92Mc+NL._AC_UY218_.jpeg: checking
 * ForDemo/Kitagawa/81LM5…L._AC_UL640_QL65_.jpeg: checking
 *  ForDemo/Kitagawa/81M5dSfU-ML._AC_UY218_.jpeg: checkingTransferred:   	          0 B / 0 B, -, 0 B/s, ETA -
Checks:               226 / 563, 40%
Elapsed time:         3.9s
Checking:
 * ForDemo/Kitagawa/81sv-…L._AC_UY654_QL65_.jpeg: checking
 * ForDemo/Kitagawa/81vG1…L._AC_UY654_QL65_.jpeg: checking
 * ForDemo/Kitagawa/81yDD…KKL._AC._SR360,460.jpg: checking
 *  ForDemo/Kitagawa/81yZ25cn3RL._AC_UY218_.jpeg: checking
 * ForDemo/Kitagawa/81zRV…CYL._AC._SR360,460.jpg: checking
 * ForDemo/Kitagawa/81zcy…hQL._AC._SR360,460.jpg: checking
 *                   ForDemo/Kitagawa/88-1-2.jpg: checking
 * ForDemo/Kitagawa/8f74c…e7af706d1ee99bcd-1.jpg: checkingTransferred:   	          0 B / 0 B, -, 0 B/s, ETA -
Checks:               271 / 563, 48%
Elapsed time:         4.4s
Checking:
 * ForDemo/Kitagawa/OIP.K…oXhsLrSklWWAQHaFj.jpeg: checking
 * ForDemo/Kitagawa/OIP.P…XjJYO2zCuVJUgHaH2.jpeg: checking
 * ForDemo/Kitagawa/OIP.P…OUuCUeiZqQg8QHaE2.jpeg: checking
 * ForDemo/Kitagawa/OIP.P…yUOWisMvpU7sQHaHR.jpeg: checking
 * ForDemo/Kitagawa/OIP.P…FhpLLCGPiDowwHaFy.jpeg: checking
 * ForDemo/Kitagawa/OIP.Q…ch8N0GMorFRjwHaJ4.jpeg: checking
 * ForDemo/Kitagawa/OIP.R…X6KGmfODS-ZVgHaGp.jpeg: checking
 * ForDemo/Kitagawa/OIP.U…Iq4rvhacls_owHaGL.jpeg: checkingTransferred:   	          0 B / 0 B, -, 0 B/s, ETA -
Checks:               318 / 563, 56%
Elapsed time:         5.0s
Checking:
 * ForDemo/Kitagawa/OIP.y…Ed81DDb7nCcXQHaJL.jpeg: checking
 * ForDemo/Kitagawa/R.f54…8ae97909a300d4a814.png: checking
 *           ForDemo/Kitagawa/Stock_Ranking2.pdf: checking
 * ForDemo/Kitagawa/a3e20…ee77b8b16d66ee3dc6.jpg: checking
 * ForDemo/Kitagawa/b6d95…e47f8f642f5508fed5.jpg: checking
 *                      ForDemo/Kitagawa/c-1.png: checking
 *               ForDemo/Kitagawa/c7b69944fa.jpg: checking
 * ForDemo/Kitagawa/canva…%9B%B8-HXIkIIDd5J0.jpg: checkingTransferred:   	          0 B / 0 B, -, 0 B/s, ETA -
Checks:               366 / 563, 65%
Elapsed time:         5.4s
Checking:
 *                   ForDemo/Kitagawa/images.jpg: checking
 *               ForDemo/Kitagawa/img_temp02.png: checking
 *               ForDemo/Kitagawa/img_temp05.png: checking
 *               ForDemo/Kitagawa/img_temp08.png: checking
 * ForDemo/Kitagawa/kbtem…emplate-3_20230517.png: checking
 * ForDemo/Kitagawa/kbtem…emplate-1_20230517.png: checking
 *                      ForDemo/Kitagawa/m00.png: checking
 *                     ForDemo/Kitagawa/m008.png: checkingTransferred:   	          0 B / 0 B, -, 0 B/s, ETA -
Checks:               414 / 563, 74%
Elapsed time:         6.0s
Checking:
 * ForDemo/sample_miura/オ…フィステック/総務/規定/就業規則.docx
 * ForDemo/sample_miura/オ…フィステック/総務/規定/社員規定.docx
 * ForDemo/sample_miura/オ…テック/営業部/会社概要/会社概要.pptx
 * ForDemo/sample_miura/オ…業部/会社概要/会社概要ver1_2.pdf: checki
 * ForDemo/sample_miura/オ…部/会社概要/会社概要ver1_2.pptx: checking
 * ForDemo/sample_miura/オ…業部/会社概要/会社概要ver1_3.pdf: checki
 * ForDemo/sample_miura/オ…要/株式会社オフィステック会社概要.
 * ForDemo/sample_miura/オ…ック/営業部/各社カタログ/000.pdf: chTransferred:   	          0 B / 0 B, -, 0 B/s, ETA -
Checks:               461 / 563, 82%
Elapsed time:         6.4s
Checking:
 * ForDemo/sample_miura/オ…0-P-6520-6510-6500.pdf: checking
 * ForDemo/sample_miura/オ…゙/IP-C6020-P-C6010.pdf: checking
 * ForDemo/sample_miura/オ…部/各社カタログ/IWB_sogo.pdf: checking
 * ForDemo/sample_miura/オ…部/各社カタログ/MP_W4002.pdf: checking
 * ForDemo/sample_miura/オ…社カタログ/MP_W6700_SP.pdf: checking
 * ForDemo/sample_miura/オ…/各社カタログ/P-501-500.pdf: checking
 * ForDemo/sample_miura/オ…030-6020-6010-6000.pdf: checking
 * ForDemo/sample_miura/オ…/P-C200L-C200SFL-2.pdf: checkingTransferred:   	          0 B / 0 B, -, 0 B/s, ETA -
Checks:               505 / 563, 90%
Elapsed time:         6.9s
Checking:
 * ForDemo/sample_miura/オ…lg_lifebook_202501.pdf: checking
 * ForDemo/sample_miura/オ…業部/各社カタログ/dbi-111.pdf: checking
 * ForDemo/sample_miura/オ…業部/各社カタログ/dbi-269.pdf: checking
 * ForDemo/sample_miura/オ…業部/各社カタログ/dbi-345.pdf: checking
 * ForDemo/sample_miura/オ…業部/各社カタログ/dbi-394.pdf: checking
 * ForDemo/sample_miura/オ…業部/各社カタログ/dbi-405.pdf: checking
 * ForDemo/sample_miura/オ…業部/各社カタログ/dbi-439.pdf: checking
 * ForDemo/sample_miura/オ…部/各社カタログ/dbi-441a.pdf: checkingTransferred:   	          0 B / 0 B, -, 0 B/s, ETA -
Checks:               553 / 563, 98%
Elapsed time:         7.4s
Checking:
 * ForDemo/sample_miura/オ…部/各社カタログ/p-c370sf.pdf: checking
 * ForDemo/sample_miura/オ…ring-service_flyer.pdf: checking
 * ForDemo/sample_miura/オ…グ/pcsolution_CL32.pdf: checking
 * ForDemo/sample_miura/オ…sone_panf_20240607.pdf: checking
 * ForDemo/sample_miura/オ…ice_sheet_20240901.pdf: checking
 * ForDemo/sample_miura/オ…ollaboration-board.pdf: checking
 * ForDemo/sample_miura/オ…hiteboard-a-series.pdf: checking
 * ForDemo/sample_miura/オ…rtable-monitor-150.pdf: checkingTransferred:   	          0 B / 0 B, -, 0 B/s, ETA -
Checks:               563 / 563, 100%
Elapsed time:         7.6s
[2025-03-26 19:00:10] Sync for g1 completed successfully
[2025-03-26 19:00:10] Syncing box to PageFinder...
Transferred:   	          0 B / 0 B, -, 0 B/s, ETA -
Checks:                 2 / 7, 29%
Elapsed time:         0.5s
Checking:
 *                          ④スマートフォンアプリ登録手順.xlsx: 
 *                            来客対応手順（会議室予約等）.pdf: ch
 *                           来客対応手順（会議室予約等）.pptx: ch
 *                                 ①メール設定手順.xlsx: checking
 *                               ②Teams設定手順.xlsx: checkingTransferred:   	          0 B / 0 B, -, 0 B/s, ETA -
Checks:                10 / 10, 100%
Elapsed time:         0.6s
[2025-03-26 19:00:11] Sync for box completed successfully
[2025-03-26 19:00:11] Syncing koi to PageFinder...

2025/03/26 19:00:12 ERROR : : failed to open directory "": open /Users/koi/Desktop/sample/testdoc/jp/invoice: operation not permitted
Transferred:   	          0 B / 0 B, -, 0 B/s, ETA -
Elapsed time:         0.0s
2025/03/26 19:00:12 ERROR : S3 bucket asi-essentia-ai-new path user/pf-user-2/koi: not deleting files as there were IO errors
Transferred:   	          0 B / 0 B, -, 0 B/s, ETA -
Errors:                 1 (no need to retry)
Elapsed time:         0.1s
2025/03/26 19:00:12 ERROR : S3 bucket asi-essentia-ai-new path user/pf-user-2/koi: not deleting directories as there were IO errors
Transferred:   	          0 B / 0 B, -, 0 B/s, ETA -
Errors:                 1 (no need to retry)
Elapsed time:         0.1s
2025/03/26 19:00:12 ERROR : Attempt 1/3 failed with 2 errors and: not deleting files as there were IO errors
Transferred:   	          0 B / 0 B, -, 0 B/s, ETA -
Errors:                 2 (retrying may help)
Elapsed time:         0.1s
2025/03/26 19:00:12 ERROR : : failed to open directory "": open /Users/koi/Desktop/sample/testdoc/jp/invoice: operation not permitted
Transferred:   	          0 B / 0 B, -, 0 B/s, ETA -
Elapsed time:         0.1s
2025/03/26 19:00:12 ERROR : S3 bucket asi-essentia-ai-new path user/pf-user-2/koi: not deleting files as there were IO errors
Transferred:   	          0 B / 0 B, -, 0 B/s, ETA -
Errors:                 1 (no need to retry)
Elapsed time:         0.1s
2025/03/26 19:00:12 ERROR : S3 bucket asi-essentia-ai-new path user/pf-user-2/koi: not deleting directories as there were IO errors
Transferred:   	          0 B / 0 B, -, 0 B/s, ETA -
Errors:                 1 (no need to retry)
Elapsed time:         0.1s
2025/03/26 19:00:12 ERROR : Attempt 2/3 failed with 2 errors and: not deleting files as there were IO errors
Transferred:   	          0 B / 0 B, -, 0 B/s, ETA -
Errors:                 2 (retrying may help)
Elapsed time:         0.1s
2025/03/26 19:00:12 ERROR : : failed to open directory "": open /Users/koi/Desktop/sample/testdoc/jp/invoice: operation not permitted
Transferred:   	          0 B / 0 B, -, 0 B/s, ETA -
Elapsed time:         0.1s
2025/03/26 19:00:12 ERROR : S3 bucket asi-essentia-ai-new path user/pf-user-2/koi: not deleting files as there were IO errors
Transferred:   	          0 B / 0 B, -, 0 B/s, ETA -
Errors:                 1 (no need to retry)
Elapsed time:         0.2s
2025/03/26 19:00:12 ERROR : S3 bucket asi-essentia-ai-new path user/pf-user-2/koi: not deleting directories as there were IO errors
Transferred:   	          0 B / 0 B, -, 0 B/s, ETA -
Errors:                 1 (no need to retry)
Elapsed time:         0.2s
2025/03/26 19:00:12 ERROR : Attempt 3/3 failed with 2 errors and: not deleting files as there were IO errors
Transferred:   	          0 B / 0 B, -, 0 B/s, ETA -
Errors:                 2 (retrying may help)
Elapsed time:         0.2sTransferred:   	          0 B / 0 B, -, 0 B/s, ETA -
Errors:                 2 (retrying may help)
Elapsed time:         0.2s
2025/03/26 19:00:12 NOTICE: Failed to sync with 2 errors: last error was: not deleting files as there were IO errors
[2025-03-26 19:00:12] ERROR: Sync for koi failed
[2025-03-26 19:00:12] ===== PageFinder Sync Job Completed at Wed Mar 26 19:00:12 PDT 2025 =====
